This is pdfTeX, Version 3.14159265-2.6-1.40.21 (TeX Live 2020) (preloaded format=pdflatex 2020.9.4)  1 DEC 2021 15:11
entering extended mode
 restricted \write18 enabled.
 file:line:error style messages enabled.
 %&-line parsing enabled.
**AER-Article-Meager-attempt1.tex
(./AER-Article-Meager-attempt1.tex
LaTeX2e <2020-02-02> patch level 5
L3 programming layer <2020-03-06> (./AEA.cls
Document Class: AEA 2011/07/24 American Economic Association Article Classes
(./multicol.sty
Package: multicol 2004/02/14 v1.6e multicolumn formatting (FMi)
\c@tracingmulticols=\count167
\mult@box=\box45
\multicol@leftmargin=\dimen134
\c@unbalance=\count168
\c@collectmore=\count169
\doublecol@number=\count170
\multicoltolerance=\count171
\multicolpretolerance=\count172
\full@width=\dimen135
\page@free=\dimen136
\premulticols=\dimen137
\postmulticols=\dimen138
\multicolsep=\skip47
\multicolbaselineskip=\skip48
\partial@page=\box46
\last@line=\box47
\mult@rightbox=\box48
\mult@grightbox=\box49
\mult@gfirstbox=\box50
\mult@firstbox=\box51
\@tempa=\box52
\@tempa=\box53
\@tempa=\box54
\@tempa=\box55
\@tempa=\box56
\@tempa=\box57
\@tempa=\box58
\@tempa=\box59
\@tempa=\box60
\@tempa=\box61
\@tempa=\box62
\@tempa=\box63
\@tempa=\box64
\@tempa=\box65
\@tempa=\box66
\@tempa=\box67
\@tempa=\box68
\c@columnbadness=\count173
\c@finalcolumnbadness=\count174
\last@try=\dimen139
\multicolovershoot=\dimen140
\multicolundershoot=\dimen141
\mult@nat@firstbox=\box69
\colbreak@box=\box70
) (./setspace.sty
Package: setspace 2000/12/01 6.7 Contributed and Supported LaTeX2e package

Package: `setspace' 6.7 <2000/12/01>
) (/usr/local/texlive/2020/texmf-dist/tex/latex/amsmath/amsmath.sty
Package: amsmath 2020/01/20 v2.17e AMS math features
\@mathmargin=\skip49

For additional information on amsmath, use the `?' option.
(/usr/local/texlive/2020/texmf-dist/tex/latex/amsmath/amstext.sty
Package: amstext 2000/06/29 v2.01 AMS text

(/usr/local/texlive/2020/texmf-dist/tex/latex/amsmath/amsgen.sty
File: amsgen.sty 1999/11/30 v2.0 generic functions
\@emptytoks=\toks15
\ex@=\dimen142
))
(/usr/local/texlive/2020/texmf-dist/tex/latex/amsmath/amsbsy.sty
Package: amsbsy 1999/11/29 v1.2d Bold Symbols
\pmbraise@=\dimen143
)
(/usr/local/texlive/2020/texmf-dist/tex/latex/amsmath/amsopn.sty
Package: amsopn 2016/03/08 v2.02 operator names
)
\inf@bad=\count175
LaTeX Info: Redefining \frac on input line 227.
\uproot@=\count176
\leftroot@=\count177
LaTeX Info: Redefining \overline on input line 389.
\classnum@=\count178
\DOTSCASE@=\count179
LaTeX Info: Redefining \ldots on input line 486.
LaTeX Info: Redefining \dots on input line 489.
LaTeX Info: Redefining \cdots on input line 610.
\Mathstrutbox@=\box71
\strutbox@=\box72
\big@size=\dimen144
LaTeX Font Info:    Redeclaring font encoding OML on input line 733.
LaTeX Font Info:    Redeclaring font encoding OMS on input line 734.
\macc@depth=\count180
\c@MaxMatrixCols=\count181
\dotsspace@=\muskip16
\c@parentequation=\count182
\dspbrk@lvl=\count183
\tag@help=\toks16
\row@=\count184
\column@=\count185
\maxfields@=\count186
\andhelp@=\toks17
\eqnshift@=\dimen145
\alignsep@=\dimen146
\tagshift@=\dimen147
\tagwidth@=\dimen148
\totwidth@=\dimen149
\lineht@=\dimen150
\@envbody=\toks18
\multlinegap=\skip50
\multlinetaggap=\skip51
\mathdisplay@stack=\toks19
LaTeX Info: Redefining \[ on input line 2859.
LaTeX Info: Redefining \] on input line 2860.
)
Journal Selected: THE AMERICAN ECONOMIC REVIEW
Mode Selected: final
\abstractIndent=\skip52
\abstractWidth=\skip53
\c@part=\count187
\c@section=\count188
\c@subsection=\count189
\c@subsubsection=\count190
\c@paragraph=\count191
\c@subparagraph=\count192
\c@figure=\count193
\c@table=\count194
\abovecaptionskip=\skip54
\belowcaptionskip=\skip55
\bibindent=\dimen151
) (/usr/local/texlive/2020/texmf-dist/tex/latex/bbm-macros/bbm.sty
Package: bbm 1999/03/15 V 1.2 provides fonts for set symbols - TH
LaTeX Font Info:    Overwriting math alphabet `\mathbbm' in version `bold'
(Font)                  U/bbm/m/n --> U/bbm/bx/n on input line 33.
LaTeX Font Info:    Overwriting math alphabet `\mathbbmss' in version `bold'
(Font)                  U/bbmss/m/n --> U/bbmss/bx/n on input line 35.
)
(/usr/local/texlive/2020/texmf-dist/tex/latex/graphics/lscape.sty
Package: lscape 2000/10/22 v3.01 Landscape Pages (DPC)

(/usr/local/texlive/2020/texmf-dist/tex/latex/graphics/graphics.sty
Package: graphics 2019/11/30 v1.4a Standard LaTeX Graphics (DPC,SPQR)

(/usr/local/texlive/2020/texmf-dist/tex/latex/graphics/trig.sty
Package: trig 2016/01/03 v1.10 sin cos tan (DPC)
)
(/usr/local/texlive/2020/texmf-dist/tex/latex/graphics-cfg/graphics.cfg
File: graphics.cfg 2016/06/04 v1.11 sample graphics configuration
)
Package graphics Info: Driver file: pdftex.def on input line 105.

(/usr/local/texlive/2020/texmf-dist/tex/latex/graphics-def/pdftex.def
File: pdftex.def 2018/01/08 v1.0l Graphics/color driver for pdftex
)))
(/usr/local/texlive/2020/texmf-dist/tex/latex/l3backend/l3backend-pdfmode.def
File: l3backend-pdfmode.def 2020-03-12 L3 backend support: PDF mode
\l__kernel_color_stack_int=\count195
\l__pdf_internal_box=\box73
)
(./AER-Article-Meager-attempt1.aux

LaTeX Warning: Label `model fit back' multiply defined.


LaTeX Warning: Label `big consumption table back' multiply defined.


LaTeX Warning: Label `big profit table back' multiply defined.


LaTeX Warning: Label `big consumption table back' multiply defined.


LaTeX Warning: Label `big profit table back' multiply defined.


LaTeX Warning: Label `model fit back' multiply defined.


LaTeX Warning: Label `big profit table back' multiply defined.

)
\openout1 = `AER-Article-Meager-attempt1.aux'.

LaTeX Font Info:    Checking defaults for OML/cmm/m/it on input line 29.
LaTeX Font Info:    ... okay on input line 29.
LaTeX Font Info:    Checking defaults for OMS/cmsy/m/n on input line 29.
LaTeX Font Info:    ... okay on input line 29.
LaTeX Font Info:    Checking defaults for OT1/cmr/m/n on input line 29.
LaTeX Font Info:    ... okay on input line 29.
LaTeX Font Info:    Checking defaults for T1/cmr/m/n on input line 29.
LaTeX Font Info:    ... okay on input line 29.
LaTeX Font Info:    Checking defaults for TS1/cmr/m/n on input line 29.
LaTeX Font Info:    ... okay on input line 29.
LaTeX Font Info:    Checking defaults for OMX/cmex/m/n on input line 29.
LaTeX Font Info:    ... okay on input line 29.
LaTeX Font Info:    Checking defaults for U/cmr/m/n on input line 29.
LaTeX Font Info:    ... okay on input line 29.
 (/usr/local/texlive/2020/texmf-dist/tex/context/base/mkii/supp-pdf.mkii
[Loading MPS to PDF converter (version 2006.09.02).]
\scratchcounter=\count196
\scratchdimen=\dimen152
\scratchbox=\box74
\nofMPsegments=\count197
\nofMParguments=\count198
\everyMPshowfont=\toks20
\MPscratchCnt=\count199
\MPscratchDim=\dimen153
\MPnumerator=\count266
\makeMPintoPDFobject=\count267
\everyMPtoPDFconversion=\toks21
) (/usr/local/texlive/2020/texmf-dist/tex/latex/epstopdf-pkg/epstopdf-base.sty
Package: epstopdf-base 2020-01-24 v2.11 Base part for package epstopdf
Package epstopdf-base Info: Redefining graphics rule for `.eps' on input line 4
85.

(/usr/local/texlive/2020/texmf-dist/tex/latex/latexconfig/epstopdf-sys.cfg
File: epstopdf-sys.cfg 2010/07/13 v1.3 Configuration of (r)epstopdf for TeX Liv
e
))
[1

{/usr/local/texlive/2020/texmf-var/fonts/map/pdftex/updmap/pdftex.map}]
[2]
Underfull \vbox (badness 10000) has occurred while \output is active []

 [3]
[4] [5] [6] [7] [8] [9] [10] [11]

LaTeX Warning: Reference `*' on page 12 undefined on input line 175.

[12] [13]
Overfull \hbox (3.48442pt too wide) in paragraph at lines 205--205
[]$\OT1/cmr/m/n/8 .| 
 []

[14]
LaTeX Font Info:    Trying to load font information for U+bbm on input line 216
.
 (/usr/local/texlive/2020/texmf-dist/tex/latex/bbm-macros/ubbm.fd
File: ubbm.fd 1999/03/15 V 1.2 Font definition for bbm font - TH
)
Overfull \hbox (6.82115pt too wide) detected at line 220
[][]
 []


Overfull \hbox (64.76292pt too wide) detected at line 230
[][]
 []

[15]

LaTeX Warning: Reference `*' on page 16 undefined on input line 240.


LaTeX Warning: Reference `*' on page 16 undefined on input line 240.


LaTeX Warning: Reference `*' on page 16 undefined on input line 240.


LaTeX Warning: Reference `*' on page 16 undefined on input line 242.


LaTeX Warning: Reference `*' on page 16 undefined on input line 242.

[16]

LaTeX Warning: Reference `*' on page 17 undefined on input line 247.


LaTeX Warning: Reference `*' on page 17 undefined on input line 247.


LaTeX Warning: Reference `*' on page 17 undefined on input line 247.


LaTeX Warning: Reference `*' on page 17 undefined on input line 250.


LaTeX Warning: Reference `*' on page 17 undefined on input line 250.


Underfull \vbox (badness 1803) has occurred while \output is active []

 [17]

LaTeX Warning: Reference `*' on page 18 undefined on input line 257.


LaTeX Warning: Reference `*' on page 18 undefined on input line 257.

[18]

LaTeX Warning: Reference `*' on page 19 undefined on input line 268.


LaTeX Warning: Reference `*' on page 19 undefined on input line 268.


Underfull \vbox (badness 5359) has occurred while \output is active []

 [19]
[20] [21


]
Overfull \hbox (8.34663pt too wide) in paragraph at lines 365--417
[] 
 []

[22



]
Overfull \hbox (35.98758pt too wide) in paragraph at lines 428--449
 [] 
 []

[23

]
<posterior_parent_quantile_TEs_consumption_lognormal.pdf, id=96, 187.70125pt x 
172.645pt>
File: posterior_parent_quantile_TEs_consumption_lognormal.pdf Graphic file (typ
e pdf)
<use posterior_parent_quantile_TEs_consumption_lognormal.pdf>
Package pdftex.def Info: posterior_parent_quantile_TEs_consumption_lognormal.pd
f  used on input line 464.
(pdftex.def)             Requested size: 187.70079pt x 172.64456pt.
<posterior_parent_quantile_TEs_profit_lognormal.pdf, id=97, 187.70125pt x 172.6
45pt>
File: posterior_parent_quantile_TEs_profit_lognormal.pdf Graphic file (type pdf
)
<use posterior_parent_quantile_TEs_profit_lognormal.pdf>
Package pdftex.def Info: posterior_parent_quantile_TEs_profit_lognormal.pdf  us
ed on input line 465.
(pdftex.def)             Requested size: 187.70079pt x 172.64456pt.
<posterior_parent_quantile_TEs_consumerdurables_lognormal.pdf, id=98, 187.70125
pt x 172.645pt>
File: posterior_parent_quantile_TEs_consumerdurables_lognormal.pdf Graphic file
 (type pdf)
<use posterior_parent_quantile_TEs_consumerdurables_lognormal.pdf>
Package pdftex.def Info: posterior_parent_quantile_TEs_consumerdurables_lognorm
al.pdf  used on input line 466.
(pdftex.def)             Requested size: 187.70079pt x 172.64456pt.
<posterior_parent_quantile_TEs_revenues_lognormal.pdf, id=99, 187.70125pt x 172
.645pt>
File: posterior_parent_quantile_TEs_revenues_lognormal.pdf Graphic file (type p
df)
<use posterior_parent_quantile_TEs_revenues_lognormal.pdf>
Package pdftex.def Info: posterior_parent_quantile_TEs_revenues_lognormal.pdf  
used on input line 467.
(pdftex.def)             Requested size: 187.70079pt x 172.64456pt.
<posterior_parent_quantile_TEs_temptation_lognormal.pdf, id=100, 187.70125pt x 
172.645pt>
File: posterior_parent_quantile_TEs_temptation_lognormal.pdf Graphic file (type
 pdf)
<use posterior_parent_quantile_TEs_temptation_lognormal.pdf>
Package pdftex.def Info: posterior_parent_quantile_TEs_temptation_lognormal.pdf
  used on input line 468.
(pdftex.def)             Requested size: 187.70079pt x 172.64456pt.
<posterior_parent_quantile_TEs_expenditures_lognormal.pdf, id=101, 187.70125pt 
x 172.645pt>
File: posterior_parent_quantile_TEs_expenditures_lognormal.pdf Graphic file (ty
pe pdf)
<use posterior_parent_quantile_TEs_expenditures_lognormal.pdf>
Package pdftex.def Info: posterior_parent_quantile_TEs_expenditures_lognormal.p
df  used on input line 469.
(pdftex.def)             Requested size: 187.70079pt x 172.64456pt.


LaTeX Warning: Float too large for page by 27.32301pt on input line 471.


LaTeX Warning: `!h' float specifier changed to `!ht'.

<posterior_predicted_quantile_TEs_consumption_lognormal.pdf, id=102, 187.70125p
t x 172.645pt>
File: posterior_predicted_quantile_TEs_consumption_lognormal.pdf Graphic file (
type pdf)
<use posterior_predicted_quantile_TEs_consumption_lognormal.pdf>
Package pdftex.def Info: posterior_predicted_quantile_TEs_consumption_lognormal
.pdf  used on input line 480.
(pdftex.def)             Requested size: 187.70079pt x 172.64456pt.
<posterior_predicted_quantile_TEs_profit_lognormal.pdf, id=103, 187.70125pt x 1
72.645pt>
File: posterior_predicted_quantile_TEs_profit_lognormal.pdf Graphic file (type 
pdf)
<use posterior_predicted_quantile_TEs_profit_lognormal.pdf>
Package pdftex.def Info: posterior_predicted_quantile_TEs_profit_lognormal.pdf 
 used on input line 481.
(pdftex.def)             Requested size: 187.70079pt x 172.64456pt.
<posterior_predicted_quantile_TEs_consumerdurables_lognormal.pdf, id=104, 187.7
0125pt x 172.645pt>
File: posterior_predicted_quantile_TEs_consumerdurables_lognormal.pdf Graphic f
ile (type pdf)
<use posterior_predicted_quantile_TEs_consumerdurables_lognormal.pdf>
Package pdftex.def Info: posterior_predicted_quantile_TEs_consumerdurables_logn
ormal.pdf  used on input line 482.
(pdftex.def)             Requested size: 187.70079pt x 172.64456pt.
<posterior_predicted_quantile_TEs_revenues_lognormal.pdf, id=105, 187.70125pt x
 172.645pt>
File: posterior_predicted_quantile_TEs_revenues_lognormal.pdf Graphic file (typ
e pdf)
<use posterior_predicted_quantile_TEs_revenues_lognormal.pdf>
Package pdftex.def Info: posterior_predicted_quantile_TEs_revenues_lognormal.pd
f  used on input line 483.
(pdftex.def)             Requested size: 187.70079pt x 172.64456pt.
<posterior_predicted_quantile_TEs_temptation_lognormal.pdf, id=106, 187.70125pt
 x 172.645pt>
File: posterior_predicted_quantile_TEs_temptation_lognormal.pdf Graphic file (t
ype pdf)
<use posterior_predicted_quantile_TEs_temptation_lognormal.pdf>
Package pdftex.def Info: posterior_predicted_quantile_TEs_temptation_lognormal.
pdf  used on input line 484.
(pdftex.def)             Requested size: 187.70079pt x 172.64456pt.
<posterior_predicted_quantile_TEs_expenditures_lognormal.pdf, id=107, 187.70125
pt x 172.645pt>
File: posterior_predicted_quantile_TEs_expenditures_lognormal.pdf Graphic file 
(type pdf)
<use posterior_predicted_quantile_TEs_expenditures_lognormal.pdf>
Package pdftex.def Info: posterior_predicted_quantile_TEs_expenditures_lognorma
l.pdf  used on input line 485.
(pdftex.def)             Requested size: 187.70079pt x 172.64456pt.

LaTeX Warning: Float too large for page by 27.32301pt on input line 487.


LaTeX Warning: `!h' float specifier changed to `!ht'.

[24 <./posterior_parent_quantile_TEs_consumption_lognormal.pdf> <./posterior_pa
rent_quantile_TEs_profit_lognormal.pdf> <./posterior_parent_quantile_TEs_consum
erdurables_lognormal.pdf> <./posterior_parent_quantile_TEs_revenues_lognormal.p
df> <./posterior_parent_quantile_TEs_temptation_lognormal.pdf> <./posterior_par
ent_quantile_TEs_expenditures_lognormal.pdf>] [25 <./posterior_predicted_quanti
le_TEs_consumption_lognormal.pdf> <./posterior_predicted_quantile_TEs_profit_lo
gnormal.pdf> <./posterior_predicted_quantile_TEs_consumerdurables_lognormal.pdf
> <./posterior_predicted_quantile_TEs_revenues_lognormal.pdf> <./posterior_pred
icted_quantile_TEs_temptation_lognormal.pdf> <./posterior_predicted_quantile_TE
s_expenditures_lognormal.pdf>]
<posterior_predictive_profit.pdf, id=224, 289.08pt x 172.645pt>
File: posterior_predictive_profit.pdf Graphic file (type pdf)
<use posterior_predictive_profit.pdf>
Package pdftex.def Info: posterior_predictive_profit.pdf  used on input line 49
5.
(pdftex.def)             Requested size: 289.07928pt x 172.64456pt.
<posterior_predictive_revenues.pdf, id=225, 289.08pt x 172.645pt>
File: posterior_predictive_revenues.pdf Graphic file (type pdf)
<use posterior_predictive_revenues.pdf>
Package pdftex.def Info: posterior_predictive_revenues.pdf  used on input line 
496.
(pdftex.def)             Requested size: 289.07928pt x 172.64456pt.
<posterior_predictive_expenditures.pdf, id=226, 289.08pt x 172.645pt>
File: posterior_predictive_expenditures.pdf Graphic file (type pdf)
<use posterior_predictive_expenditures.pdf>
Package pdftex.def Info: posterior_predictive_expenditures.pdf  used on input l
ine 497.
(pdftex.def)             Requested size: 289.07928pt x 172.64456pt.


LaTeX Warning: Float too large for page by 13.87857pt on input line 500.


LaTeX Warning: `!h' float specifier changed to `!ht'.

[26 <./posterior_predictive_profit.pdf> <./posterior_predictive_revenues.pdf> <
./posterior_predictive_expenditures.pdf>]
<posterior_parent_quantile_TEs_profit_composite.pdf, id=245, 187.70125pt x 172.
645pt>
File: posterior_parent_quantile_TEs_profit_composite.pdf Graphic file (type pdf
)
<use posterior_parent_quantile_TEs_profit_composite.pdf>
Package pdftex.def Info: posterior_parent_quantile_TEs_profit_composite.pdf  us
ed on input line 513.
(pdftex.def)             Requested size: 187.70079pt x 172.64456pt.
<posterior_parent_quantile_TEs_profit_PLN.pdf, id=246, 187.70125pt x 172.645pt>

File: posterior_parent_quantile_TEs_profit_PLN.pdf Graphic file (type pdf)
<use posterior_parent_quantile_TEs_profit_PLN.pdf>
Package pdftex.def Info: posterior_parent_quantile_TEs_profit_PLN.pdf  used on 
input line 514.
(pdftex.def)             Requested size: 187.70079pt x 172.64456pt.
File: posterior_parent_quantile_TEs_profit_lognormal.pdf Graphic file (type pdf
)
<use posterior_parent_quantile_TEs_profit_lognormal.pdf>
Package pdftex.def Info: posterior_parent_quantile_TEs_profit_lognormal.pdf  us
ed on input line 515.
(pdftex.def)             Requested size: 187.70079pt x 172.64456pt.


LaTeX Warning: Float too large for page by 104.87857pt on input line 518.


LaTeX Warning: `!h' float specifier changed to `!ht'.

[27 <./posterior_parent_quantile_TEs_profit_composite.pdf> <./posterior_parent_
quantile_TEs_profit_PLN.pdf>]
<posterior_parent_quantile_TEs_consumption_pb_0_lognormal.pdf, id=268, 187.7012
5pt x 172.645pt>
File: posterior_parent_quantile_TEs_consumption_pb_0_lognormal.pdf Graphic file
 (type pdf)
<use posterior_parent_quantile_TEs_consumption_pb_0_lognormal.pdf>
Package pdftex.def Info: posterior_parent_quantile_TEs_consumption_pb_0_lognorm
al.pdf  used on input line 535.
(pdftex.def)             Requested size: 187.70079pt x 172.64456pt.
<posterior_parent_quantile_TEs_consumption_pb_1_lognormal.pdf, id=269, 469.755p
t x 433.62pt>
File: posterior_parent_quantile_TEs_consumption_pb_1_lognormal.pdf Graphic file
 (type pdf)
<use posterior_parent_quantile_TEs_consumption_pb_1_lognormal.pdf>
Package pdftex.def Info: posterior_parent_quantile_TEs_consumption_pb_1_lognorm
al.pdf  used on input line 536.
(pdftex.def)             Requested size: 469.75386pt x 433.61894pt.

Overfull \hbox (84.21902pt too wide) in paragraph at lines 535--536
 [] 
 []

<posterior_parent_quantile_TEs_consumerdurables_pb_0_lognormal.pdf, id=270, 187
.70125pt x 172.645pt>
File: posterior_parent_quantile_TEs_consumerdurables_pb_0_lognormal.pdf Graphic
 file (type pdf)
<use posterior_parent_quantile_TEs_consumerdurables_pb_0_lognormal.pdf>
Package pdftex.def Info: posterior_parent_quantile_TEs_consumerdurables_pb_0_lo
gnormal.pdf  used on input line 537.
(pdftex.def)             Requested size: 187.70079pt x 172.64456pt.
<posterior_parent_quantile_TEs_consumerdurables_pb_1_lognormal.pdf, id=271, 469
.755pt x 433.62pt>
File: posterior_parent_quantile_TEs_consumerdurables_pb_1_lognormal.pdf Graphic
 file (type pdf)
<use posterior_parent_quantile_TEs_consumerdurables_pb_1_lognormal.pdf>
Package pdftex.def Info: posterior_parent_quantile_TEs_consumerdurables_pb_1_lo
gnormal.pdf  used on input line 538.
(pdftex.def)             Requested size: 469.75386pt x 433.61894pt.

Overfull \hbox (84.21902pt too wide) in paragraph at lines 537--538
 [] 
 []

<posterior_parent_quantile_TEs_temptation_pb_0_lognormal.pdf, id=272, 187.70125
pt x 172.645pt>
File: posterior_parent_quantile_TEs_temptation_pb_0_lognormal.pdf Graphic file 
(type pdf)
<use posterior_parent_quantile_TEs_temptation_pb_0_lognormal.pdf>
Package pdftex.def Info: posterior_parent_quantile_TEs_temptation_pb_0_lognorma
l.pdf  used on input line 539.
(pdftex.def)             Requested size: 187.70079pt x 172.64456pt.
<posterior_parent_quantile_TEs_temptation_pb_1_lognormal.pdf, id=273, 469.755pt
 x 433.62pt>
File: posterior_parent_quantile_TEs_temptation_pb_1_lognormal.pdf Graphic file 
(type pdf)
<use posterior_parent_quantile_TEs_temptation_pb_1_lognormal.pdf>
Package pdftex.def Info: posterior_parent_quantile_TEs_temptation_pb_1_lognorma
l.pdf  used on input line 540.
(pdftex.def)             Requested size: 469.75386pt x 433.61894pt.

Overfull \hbox (84.21902pt too wide) in paragraph at lines 539--540
 [] 
 []


LaTeX Warning: Float too large for page by 1331.17984pt on input line 542.


LaTeX Warning: `!h' float specifier changed to `!ht'.

<posterior_parent_quantile_TEs_profit_pb_0_lognormal.pdf, id=274, 187.70125pt x
 172.645pt>
File: posterior_parent_quantile_TEs_profit_pb_0_lognormal.pdf Graphic file (typ
e pdf)
<use posterior_parent_quantile_TEs_profit_pb_0_lognormal.pdf>
Package pdftex.def Info: posterior_parent_quantile_TEs_profit_pb_0_lognormal.pd
f  used on input line 550.
(pdftex.def)             Requested size: 187.70079pt x 172.64456pt.
<posterior_parent_quantile_TEs_profit_pb_1_lognormal.pdf, id=275, 469.755pt x 4
33.62pt>
File: posterior_parent_quantile_TEs_profit_pb_1_lognormal.pdf Graphic file (typ
e pdf)
<use posterior_parent_quantile_TEs_profit_pb_1_lognormal.pdf>
Package pdftex.def Info: posterior_parent_quantile_TEs_profit_pb_1_lognormal.pd
f  used on input line 551.
(pdftex.def)             Requested size: 469.75386pt x 433.61894pt.

Overfull \hbox (84.21902pt too wide) in paragraph at lines 550--551
 [] 
 []

<posterior_parent_quantile_TEs_revenues_pb_0_lognormal.pdf, id=276, 187.70125pt
 x 172.645pt>
File: posterior_parent_quantile_TEs_revenues_pb_0_lognormal.pdf Graphic file (t
ype pdf)
<use posterior_parent_quantile_TEs_revenues_pb_0_lognormal.pdf>
Package pdftex.def Info: posterior_parent_quantile_TEs_revenues_pb_0_lognormal.
pdf  used on input line 552.
(pdftex.def)             Requested size: 187.70079pt x 172.64456pt.
<posterior_parent_quantile_TEs_revenues_pb_1_lognormal.pdf, id=277, 469.755pt x
 433.62pt>
File: posterior_parent_quantile_TEs_revenues_pb_1_lognormal.pdf Graphic file (t
ype pdf)
<use posterior_parent_quantile_TEs_revenues_pb_1_lognormal.pdf>
Package pdftex.def Info: posterior_parent_quantile_TEs_revenues_pb_1_lognormal.
pdf  used on input line 553.
(pdftex.def)             Requested size: 469.75386pt x 433.61894pt.

Overfull \hbox (84.21902pt too wide) in paragraph at lines 552--553
 [] 
 []

<posterior_parent_quantile_TEs_expenditures_pb_0_lognormal.pdf, id=278, 187.701
25pt x 172.645pt>
File: posterior_parent_quantile_TEs_expenditures_pb_0_lognormal.pdf Graphic fil
e (type pdf)
<use posterior_parent_quantile_TEs_expenditures_pb_0_lognormal.pdf>
Package pdftex.def Info: posterior_parent_quantile_TEs_expenditures_pb_0_lognor
mal.pdf  used on input line 554.
(pdftex.def)             Requested size: 187.70079pt x 172.64456pt.
<posterior_parent_quantile_TEs_expenditures_pb_1_lognormal.pdf, id=279, 469.755
pt x 433.62pt>
File: posterior_parent_quantile_TEs_expenditures_pb_1_lognormal.pdf Graphic fil
e (type pdf)
<use posterior_parent_quantile_TEs_expenditures_pb_1_lognormal.pdf>
Package pdftex.def Info: posterior_parent_quantile_TEs_expenditures_pb_1_lognor
mal.pdf  used on input line 555.
(pdftex.def)             Requested size: 469.75386pt x 433.61894pt.

Overfull \hbox (84.21902pt too wide) in paragraph at lines 554--556
 [] 
 []


LaTeX Warning: Float too large for page by 1343.7354pt on input line 557.


LaTeX Warning: `!h' float specifier changed to `!ht'.

[28 <./posterior_parent_quantile_TEs_consumption_pb_0_lognormal.pdf> <./posteri
or_parent_quantile_TEs_consumption_pb_1_lognormal.pdf> <./posterior_parent_quan
tile_TEs_consumerdurables_pb_0_lognormal.pdf> <./posterior_parent_quantile_TEs_
consumerdurables_pb_1_lognormal.pdf> <./posterior_parent_quantile_TEs_temptatio
n_pb_0_lognormal.pdf> <./posterior_parent_quantile_TEs_temptation_pb_1_lognorma
l.pdf>] [29 <./posterior_parent_quantile_TEs_profit_pb_0_lognormal.pdf> <./post
erior_parent_quantile_TEs_profit_pb_1_lognormal.pdf> <./posterior_parent_quanti
le_TEs_revenues_pb_0_lognormal.pdf> <./posterior_parent_quantile_TEs_revenues_p
b_1_lognormal.pdf> <./posterior_parent_quantile_TEs_expenditures_pb_0_lognormal
.pdf> <./posterior_parent_quantile_TEs_expenditures_pb_1_lognormal.pdf>]
[30





]
Underfull \hbox (badness 6032) in paragraph at lines 625--626
[] \OT1/cmr/bx/n/10.95 Castel-lacci, Giuseppe. \OT1/cmr/m/n/10.95 2012. "A For-
mula for the Quan-tiles of
 []


Underfull \hbox (badness 2158) in paragraph at lines 625--626
\OT1/cmr/m/n/10.95 Mix-tures of Dis-tri-bu-tions with Dis-joint Sup-ports". Ava
il-able at SSRN:
 []


Underfull \vbox (badness 10000) has occurred while \output is active []

 [31]
Underfull \vbox (badness 10000) has occurred while \output is active []

 [32]
Underfull \hbox (badness 3861) in paragraph at lines 657--658
[] \OT1/cmr/bx/n/10.95 Gabaix, Xavier. \OT1/cmr/m/n/10.95 2008. "Power Laws in 
Eco-nomics and Fi-nance"
 []


Underfull \hbox (badness 2753) in paragraph at lines 657--658
\OT1/cmr/m/n/10.95 NBER Work-ing Pa-per No. 14299, ac-cessed on-line Au-gust 12
th 2016,
 []


Underfull \vbox (badness 10000) has occurred while \output is active []

 [33]
Underfull \vbox (badness 10000) has occurred while \output is active []

 [34]
[35] (./AER-Article-Meager-attempt1.aux)

LaTeX Warning: There were undefined references.


LaTeX Warning: There were multiply-defined labels.

 ) 
Here is how much of TeX's memory you used:
 2252 strings out of 480608
 39514 string characters out of 5903631
 286997 words of memory out of 5000000
 18119 multiletter control sequences out of 15000+600000
 541252 words of font info for 56 fonts, out of 8000000 for 9000
 1141 hyphenation exceptions out of 8191
 38i,9n,29p,2700b,338s stack positions out of 5000i,500n,10000p,200000b,80000s
 </Users/rachaelmeager/Library/texlive/2020/texmf-var/fonts/pk/ljfour/public/
bbm/bbm10.657pk>{/usr/local/texlive/2020/texmf-dist/fonts/enc/dvips/cm-super/cm
-super-ts1.enc}</usr/local/texlive/2020/texmf-dist/fonts/type1/public/amsfonts/
cm/cmbx10.pfb></usr/local/texlive/2020/texmf-dist/fonts/type1/public/amsfonts/c
m/cmbx5.pfb></usr/local/texlive/2020/texmf-dist/fonts/type1/public/amsfonts/cm/
cmcsc10.pfb></usr/local/texlive/2020/texmf-dist/fonts/type1/public/amsfonts/cm/
cmex10.pfb></usr/local/texlive/2020/texmf-dist/fonts/type1/public/amsfonts/cm/c
mmi10.pfb></usr/local/texlive/2020/texmf-dist/fonts/type1/public/amsfonts/cm/cm
mi6.pfb></usr/local/texlive/2020/texmf-dist/fonts/type1/public/amsfonts/cm/cmmi
8.pfb></usr/local/texlive/2020/texmf-dist/fonts/type1/public/amsfonts/cm/cmr10.
pfb></usr/local/texlive/2020/texmf-dist/fonts/type1/public/amsfonts/cm/cmr5.pfb
></usr/local/texlive/2020/texmf-dist/fonts/type1/public/amsfonts/cm/cmr6.pfb></
usr/local/texlive/2020/texmf-dist/fonts/type1/public/amsfonts/cm/cmr8.pfb></usr
/local/texlive/2020/texmf-dist/fonts/type1/public/amsfonts/cm/cmr9.pfb></usr/lo
cal/texlive/2020/texmf-dist/fonts/type1/public/amsfonts/cm/cmssbx10.pfb></usr/l
ocal/texlive/2020/texmf-dist/fonts/type1/public/amsfonts/cm/cmsy10.pfb></usr/lo
cal/texlive/2020/texmf-dist/fonts/type1/public/amsfonts/cm/cmsy6.pfb></usr/loca
l/texlive/2020/texmf-dist/fonts/type1/public/amsfonts/cm/cmsy8.pfb></usr/local/
texlive/2020/texmf-dist/fonts/type1/public/amsfonts/cm/cmti10.pfb></usr/local/t
exlive/2020/texmf-dist/fonts/type1/public/amsfonts/cm/cmti8.pfb></usr/local/tex
live/2020/texmf-dist/fonts/type1/public/cm-super/sfrm0600.pfb></usr/local/texli
ve/2020/texmf-dist/fonts/type1/public/cm-super/sfrm0800.pfb>
Output written on AER-Article-Meager-attempt1.pdf (35 pages, 474975 bytes).
PDF statistics:
 483 PDF objects out of 1000 (max. 8388607)
 363 compressed objects within 4 object streams
 0 named destinations out of 1000 (max. 500000)
 146 words of extra memory for PDF output out of 10000 (max. 10000000)

